2025/09/05 03:36:58 [notice] 1#1: using the "epoll" event method
2025/09/05 03:36:58 [notice] 1#1: nginx/1.27.3
2025/09/05 03:36:58 [notice] 1#1: built by gcc 12.2.0 (Debian 12.2.0-14) 
2025/09/05 03:36:58 [notice] 1#1: OS: Linux 5.4.0-216-generic
2025/09/05 03:36:58 [notice] 1#1: getrlimit(RLIMIT_NOFILE): 1048576:1048576
2025/09/05 03:36:58 [notice] 1#1: start worker processes
2025/09/05 03:36:58 [notice] 1#1: start worker process 20
2025/09/05 03:36:58 [notice] 1#1: start worker process 21
2025/09/05 03:36:58 [notice] 1#1: start worker process 22
2025/09/05 03:36:58 [notice] 1#1: start worker process 23
2025/09/05 03:36:58 [notice] 1#1: start worker process 24
2025/09/05 03:36:58 [notice] 1#1: start worker process 25
2025/09/05 03:36:58 [notice] 1#1: start worker process 26
2025/09/05 03:36:58 [notice] 1#1: start worker process 27
2025/09/05 03:39:56 [notice] 1#1: signal 3 (SIGQUIT) received, shutting down
2025/09/05 03:39:56 [notice] 20#20: gracefully shutting down
2025/09/05 03:39:56 [notice] 20#20: exiting
2025/09/05 03:39:56 [notice] 21#21: gracefully shutting down
2025/09/05 03:39:56 [notice] 21#21: exiting
2025/09/05 03:39:56 [notice] 25#25: gracefully shutting down
2025/09/05 03:39:56 [notice] 25#25: exiting
2025/09/05 03:39:56 [notice] 20#20: exit
2025/09/05 03:39:56 [notice] 21#21: exit
2025/09/05 03:39:56 [notice] 25#25: exit
2025/09/05 03:39:56 [notice] 27#27: gracefully shutting down
2025/09/05 03:39:56 [notice] 27#27: exiting
2025/09/05 03:39:56 [notice] 27#27: exit
2025/09/05 03:39:56 [notice] 26#26: gracefully shutting down
2025/09/05 03:39:56 [notice] 26#26: exiting
2025/09/05 03:39:56 [notice] 26#26: exit
2025/09/05 03:39:56 [notice] 24#24: gracefully shutting down
2025/09/05 03:39:56 [notice] 24#24: exiting
2025/09/05 03:39:56 [notice] 22#22: gracefully shutting down
2025/09/05 03:39:56 [notice] 24#24: exit
2025/09/05 03:39:56 [notice] 22#22: exiting
2025/09/05 03:39:56 [notice] 22#22: exit
2025/09/05 03:39:56 [notice] 23#23: gracefully shutting down
2025/09/05 03:39:56 [notice] 23#23: exiting
2025/09/05 03:39:56 [notice] 23#23: exit
2025/09/05 03:39:56 [notice] 1#1: signal 17 (SIGCHLD) received from 25
2025/09/05 03:39:56 [notice] 1#1: worker process 22 exited with code 0
2025/09/05 03:39:56 [notice] 1#1: worker process 25 exited with code 0
2025/09/05 03:39:56 [notice] 1#1: worker process 20 exited with code 0
2025/09/05 03:39:56 [notice] 1#1: signal 29 (SIGIO) received
2025/09/05 03:39:56 [notice] 1#1: signal 17 (SIGCHLD) received from 22
2025/09/05 03:39:56 [notice] 1#1: worker process 21 exited with code 0
2025/09/05 03:39:56 [notice] 1#1: worker process 27 exited with code 0
2025/09/05 03:39:56 [notice] 1#1: signal 29 (SIGIO) received
2025/09/05 03:39:56 [notice] 1#1: signal 17 (SIGCHLD) received from 26
2025/09/05 03:39:56 [notice] 1#1: worker process 24 exited with code 0
2025/09/05 03:39:56 [notice] 1#1: worker process 23 exited with code 0
2025/09/05 03:39:56 [notice] 1#1: worker process 26 exited with code 0
2025/09/05 03:39:56 [notice] 1#1: exit
2025/09/05 03:41:25 [notice] 1#1: using the "epoll" event method
2025/09/05 03:41:25 [notice] 1#1: nginx/1.27.3
2025/09/05 03:41:25 [notice] 1#1: built by gcc 12.2.0 (Debian 12.2.0-14) 
2025/09/05 03:41:25 [notice] 1#1: OS: Linux 5.4.0-216-generic
2025/09/05 03:41:25 [notice] 1#1: getrlimit(RLIMIT_NOFILE): 1048576:1048576
2025/09/05 03:41:25 [notice] 1#1: start worker processes
2025/09/05 03:41:25 [notice] 1#1: start worker process 20
2025/09/05 03:41:25 [notice] 1#1: start worker process 21
2025/09/05 03:41:25 [notice] 1#1: start worker process 22
2025/09/05 03:41:25 [notice] 1#1: start worker process 23
2025/09/05 03:41:25 [notice] 1#1: start worker process 24
2025/09/05 03:41:25 [notice] 1#1: start worker process 25
2025/09/05 03:41:25 [notice] 1#1: start worker process 26
2025/09/05 03:41:25 [notice] 1#1: start worker process 27
2025/09/05 03:43:41 [notice] 1#1: signal 3 (SIGQUIT) received, shutting down
2025/09/05 03:43:41 [notice] 20#20: gracefully shutting down
2025/09/05 03:43:41 [notice] 21#21: gracefully shutting down
2025/09/05 03:43:41 [notice] 24#24: gracefully shutting down
2025/09/05 03:43:41 [notice] 23#23: gracefully shutting down
2025/09/05 03:43:41 [notice] 20#20: exiting
2025/09/05 03:43:41 [notice] 22#22: gracefully shutting down
2025/09/05 03:43:41 [notice] 21#21: exiting
2025/09/05 03:43:41 [notice] 24#24: exiting
2025/09/05 03:43:41 [notice] 23#23: exiting
2025/09/05 03:43:41 [notice] 22#22: exiting
2025/09/05 03:43:41 [notice] 25#25: gracefully shutting down
2025/09/05 03:43:41 [notice] 21#21: exit
2025/09/05 03:43:41 [notice] 23#23: exit
2025/09/05 03:43:41 [notice] 20#20: exit
2025/09/05 03:43:41 [notice] 25#25: exiting
2025/09/05 03:43:41 [notice] 22#22: exit
2025/09/05 03:43:41 [notice] 25#25: exit
2025/09/05 03:43:41 [notice] 24#24: exit
2025/09/05 03:43:41 [notice] 26#26: gracefully shutting down
2025/09/05 03:43:41 [notice] 26#26: exiting
2025/09/05 03:43:41 [notice] 26#26: exit
2025/09/05 03:43:41 [notice] 27#27: gracefully shutting down
2025/09/05 03:43:41 [notice] 27#27: exiting
2025/09/05 03:43:41 [notice] 27#27: exit
2025/09/05 03:43:41 [notice] 1#1: signal 17 (SIGCHLD) received from 21
2025/09/05 03:43:41 [notice] 1#1: worker process 21 exited with code 0
2025/09/05 03:43:41 [notice] 1#1: signal 29 (SIGIO) received
2025/09/05 03:43:41 [notice] 1#1: signal 17 (SIGCHLD) received from 26
2025/09/05 03:43:41 [notice] 1#1: worker process 22 exited with code 0
2025/09/05 03:43:41 [notice] 1#1: worker process 23 exited with code 0
2025/09/05 03:43:41 [notice] 1#1: worker process 26 exited with code 0
2025/09/05 03:43:41 [notice] 1#1: signal 29 (SIGIO) received
2025/09/05 03:43:41 [notice] 1#1: signal 17 (SIGCHLD) received from 23
2025/09/05 03:43:41 [notice] 1#1: signal 17 (SIGCHLD) received from 20
2025/09/05 03:43:41 [notice] 1#1: worker process 20 exited with code 0
2025/09/05 03:43:41 [notice] 1#1: worker process 24 exited with code 0
2025/09/05 03:43:41 [notice] 1#1: signal 29 (SIGIO) received
2025/09/05 03:43:41 [notice] 1#1: signal 17 (SIGCHLD) received from 24
2025/09/05 03:43:41 [notice] 1#1: signal 17 (SIGCHLD) received from 27
2025/09/05 03:43:41 [notice] 1#1: worker process 27 exited with code 0
2025/09/05 03:43:41 [notice] 1#1: worker process 25 exited with code 0
2025/09/05 03:43:41 [notice] 1#1: exit
2025/09/05 03:48:11 [notice] 1#1: using the "epoll" event method
2025/09/05 03:48:11 [notice] 1#1: nginx/1.27.3
2025/09/05 03:48:11 [notice] 1#1: built by gcc 12.2.0 (Debian 12.2.0-14) 
2025/09/05 03:48:11 [notice] 1#1: OS: Linux 5.4.0-216-generic
2025/09/05 03:48:11 [notice] 1#1: getrlimit(RLIMIT_NOFILE): 1048576:1048576
2025/09/05 03:48:11 [notice] 1#1: start worker processes
2025/09/05 03:48:11 [notice] 1#1: start worker process 20
2025/09/05 03:48:11 [notice] 1#1: start worker process 21
2025/09/05 03:48:11 [notice] 1#1: start worker process 22
2025/09/05 03:48:11 [notice] 1#1: start worker process 23
2025/09/05 03:48:11 [notice] 1#1: start worker process 24
2025/09/05 03:48:11 [notice] 1#1: start worker process 25
2025/09/05 03:48:11 [notice] 1#1: start worker process 26
2025/09/05 03:48:11 [notice] 1#1: start worker process 27
2025/09/05 03:50:11 [notice] 1#1: signal 3 (SIGQUIT) received, shutting down
2025/09/05 03:50:11 [notice] 21#21: gracefully shutting down
2025/09/05 03:50:11 [notice] 22#22: gracefully shutting down
2025/09/05 03:50:11 [notice] 20#20: gracefully shutting down
2025/09/05 03:50:11 [notice] 23#23: gracefully shutting down
2025/09/05 03:50:11 [notice] 24#24: gracefully shutting down
2025/09/05 03:50:11 [notice] 21#21: exiting
2025/09/05 03:50:11 [notice] 27#27: gracefully shutting down
2025/09/05 03:50:11 [notice] 25#25: gracefully shutting down
2025/09/05 03:50:11 [notice] 22#22: exiting
2025/09/05 03:50:11 [notice] 20#20: exiting
2025/09/05 03:50:11 [notice] 23#23: exiting
2025/09/05 03:50:11 [notice] 24#24: exiting
2025/09/05 03:50:11 [notice] 27#27: exiting
2025/09/05 03:50:11 [notice] 25#25: exiting
2025/09/05 03:50:11 [notice] 21#21: exit
2025/09/05 03:50:11 [notice] 25#25: exit
2025/09/05 03:50:11 [notice] 22#22: exit
2025/09/05 03:50:11 [notice] 24#24: exit
2025/09/05 03:50:11 [notice] 27#27: exit
2025/09/05 03:50:11 [notice] 23#23: exit
2025/09/05 03:50:11 [notice] 20#20: exit
2025/09/05 03:50:11 [notice] 26#26: gracefully shutting down
2025/09/05 03:50:11 [notice] 26#26: exiting
2025/09/05 03:50:11 [notice] 26#26: exit
2025/09/05 03:50:11 [notice] 1#1: signal 17 (SIGCHLD) received from 21
2025/09/05 03:50:11 [notice] 1#1: worker process 21 exited with code 0
2025/09/05 03:50:11 [notice] 1#1: signal 29 (SIGIO) received
2025/09/05 03:50:11 [notice] 1#1: signal 17 (SIGCHLD) received from 26
2025/09/05 03:50:11 [notice] 1#1: worker process 26 exited with code 0
2025/09/05 03:50:11 [notice] 1#1: signal 29 (SIGIO) received
2025/09/05 03:50:11 [notice] 1#1: signal 17 (SIGCHLD) received from 23
2025/09/05 03:50:11 [notice] 1#1: worker process 20 exited with code 0
2025/09/05 03:50:11 [notice] 1#1: worker process 22 exited with code 0
2025/09/05 03:50:11 [notice] 1#1: worker process 23 exited with code 0
2025/09/05 03:50:11 [notice] 1#1: signal 29 (SIGIO) received
2025/09/05 03:50:11 [notice] 1#1: signal 17 (SIGCHLD) received from 22
2025/09/05 03:50:11 [notice] 1#1: signal 17 (SIGCHLD) received from 27
2025/09/05 03:50:11 [notice] 1#1: worker process 27 exited with code 0
2025/09/05 03:50:11 [notice] 1#1: signal 29 (SIGIO) received
2025/09/05 03:50:11 [notice] 1#1: signal 17 (SIGCHLD) received from 25
2025/09/05 03:50:11 [notice] 1#1: worker process 25 exited with code 0
2025/09/05 03:50:11 [notice] 1#1: signal 29 (SIGIO) received
2025/09/05 03:50:11 [notice] 1#1: signal 17 (SIGCHLD) received from 24
2025/09/05 03:50:11 [notice] 1#1: worker process 24 exited with code 0
2025/09/05 03:50:11 [notice] 1#1: exit
2025/09/05 03:50:20 [notice] 1#1: using the "epoll" event method
2025/09/05 03:50:20 [notice] 1#1: nginx/1.27.3
2025/09/05 03:50:20 [notice] 1#1: built by gcc 12.2.0 (Debian 12.2.0-14) 
2025/09/05 03:50:20 [notice] 1#1: OS: Linux 5.4.0-216-generic
2025/09/05 03:50:20 [notice] 1#1: getrlimit(RLIMIT_NOFILE): 1048576:1048576
2025/09/05 03:50:20 [notice] 1#1: start worker processes
2025/09/05 03:50:20 [notice] 1#1: start worker process 20
2025/09/05 03:50:20 [notice] 1#1: start worker process 21
2025/09/05 03:50:20 [notice] 1#1: start worker process 22
2025/09/05 03:50:20 [notice] 1#1: start worker process 23
2025/09/05 03:50:20 [notice] 1#1: start worker process 24
2025/09/05 03:50:20 [notice] 1#1: start worker process 25
2025/09/05 03:50:20 [notice] 1#1: start worker process 26
2025/09/05 03:50:20 [notice] 1#1: start worker process 27
2025/09/05 03:50:24 [notice] 1#1: signal 3 (SIGQUIT) received, shutting down
2025/09/05 03:50:24 [notice] 20#20: gracefully shutting down
2025/09/05 03:50:24 [notice] 22#22: gracefully shutting down
2025/09/05 03:50:24 [notice] 21#21: gracefully shutting down
2025/09/05 03:50:24 [notice] 23#23: gracefully shutting down
2025/09/05 03:50:24 [notice] 26#26: gracefully shutting down
2025/09/05 03:50:24 [notice] 20#20: exiting
2025/09/05 03:50:24 [notice] 22#22: exiting
2025/09/05 03:50:24 [notice] 21#21: exiting
2025/09/05 03:50:24 [notice] 23#23: exiting
2025/09/05 03:50:24 [notice] 26#26: exiting
2025/09/05 03:50:24 [notice] 22#22: exit
2025/09/05 03:50:24 [notice] 23#23: exit
2025/09/05 03:50:24 [notice] 20#20: exit
2025/09/05 03:50:24 [notice] 26#26: exit
2025/09/05 03:50:24 [notice] 21#21: exit
2025/09/05 03:50:24 [notice] 25#25: gracefully shutting down
2025/09/05 03:50:24 [notice] 25#25: exiting
2025/09/05 03:50:24 [notice] 24#24: gracefully shutting down
2025/09/05 03:50:24 [notice] 27#27: gracefully shutting down
2025/09/05 03:50:24 [notice] 24#24: exiting
2025/09/05 03:50:24 [notice] 27#27: exiting
2025/09/05 03:50:24 [notice] 25#25: exit
2025/09/05 03:50:24 [notice] 27#27: exit
2025/09/05 03:50:24 [notice] 24#24: exit
2025/09/05 03:50:24 [notice] 1#1: signal 17 (SIGCHLD) received from 20
2025/09/05 03:50:24 [notice] 1#1: worker process 20 exited with code 0
2025/09/05 03:50:24 [notice] 1#1: worker process 26 exited with code 0
2025/09/05 03:50:24 [notice] 1#1: worker process 27 exited with code 0
2025/09/05 03:50:24 [notice] 1#1: signal 29 (SIGIO) received
2025/09/05 03:50:24 [notice] 1#1: signal 17 (SIGCHLD) received from 27
2025/09/05 03:50:24 [notice] 1#1: signal 17 (SIGCHLD) received from 23
2025/09/05 03:50:24 [notice] 1#1: worker process 23 exited with code 0
2025/09/05 03:50:24 [notice] 1#1: signal 29 (SIGIO) received
2025/09/05 03:50:24 [notice] 1#1: signal 17 (SIGCHLD) received from 21
2025/09/05 03:50:24 [notice] 1#1: worker process 21 exited with code 0
2025/09/05 03:50:24 [notice] 1#1: signal 29 (SIGIO) received
2025/09/05 03:50:24 [notice] 1#1: signal 17 (SIGCHLD) received from 24
2025/09/05 03:50:24 [notice] 1#1: worker process 24 exited with code 0
2025/09/05 03:50:24 [notice] 1#1: signal 29 (SIGIO) received
2025/09/05 03:50:24 [notice] 1#1: signal 17 (SIGCHLD) received from 22
2025/09/05 03:50:24 [notice] 1#1: worker process 22 exited with code 0
2025/09/05 03:50:24 [notice] 1#1: worker process 25 exited with code 0
2025/09/05 03:50:24 [notice] 1#1: exit
2025/09/05 03:53:12 [notice] 1#1: using the "epoll" event method
2025/09/05 03:53:12 [notice] 1#1: nginx/1.27.3
2025/09/05 03:53:12 [notice] 1#1: built by gcc 12.2.0 (Debian 12.2.0-14) 
2025/09/05 03:53:12 [notice] 1#1: OS: Linux 5.4.0-216-generic
2025/09/05 03:53:12 [notice] 1#1: getrlimit(RLIMIT_NOFILE): 1048576:1048576
2025/09/05 03:53:12 [notice] 1#1: start worker processes
2025/09/05 03:53:12 [notice] 1#1: start worker process 20
2025/09/05 03:53:12 [notice] 1#1: start worker process 21
2025/09/05 03:53:12 [notice] 1#1: start worker process 22
2025/09/05 03:53:12 [notice] 1#1: start worker process 23
2025/09/05 03:53:12 [notice] 1#1: start worker process 24
2025/09/05 03:53:12 [notice] 1#1: start worker process 25
2025/09/05 03:53:12 [notice] 1#1: start worker process 26
2025/09/05 03:53:12 [notice] 1#1: start worker process 27
